0 verbose cli /usr/bin/node /usr/bin/npm
0 verbose cli /usr/bin/node /usr/bin/npm
1 info using npm@8.19.1
2 info using node@v14.20.0
3 timing npm:load:whichnode Completed in 0ms
4 timing config:load:defaults Completed in 10ms
5 timing config:load:file:/usr/lib/node_modules/npm/npmrc Completed in 2ms
6 timing config:load:builtin Completed in 3ms
1 info using npm@8.19.1
7 timing config:load:cli Completed in 2ms
2 info using node@v14.20.0
8 timing config:load:env Completed in 1ms
3 timing npm:load:whichnode Completed in 0ms
9 verbose config error loading project config [Error: EISDIR: illegal operation on a directory, read] {
9 verbose config   errno: -21,
9 verbose config   code: 'EISDIR',
9 verbose config   syscall: 'read'
9 verbose config }
4 timing config:load:defaults Completed in 10ms
10 timing config:load:file:/home/harley/Área de Trabalho/todolist-v1/.npmrc Completed in 12ms
5 timing config:load:file:/usr/lib/node_modules/npm/npmrc Completed in 3ms
11 timing config:load:project Completed in 13ms
6 timing config:load:builtin Completed in 3ms
12 timing config:load:file:/home/harley/.npmrc Completed in 47ms
13 timing config:load:user Completed in 47ms
7 timing config:load:cli Completed in 2ms
8 timing config:load:env Completed in 1ms
14 timing config:load:file:/usr/etc/npmrc Completed in 0ms
9 verbose config error loading project config [Error: EISDIR: illegal operation on a directory, read] {
9 verbose config   errno: -21,
9 verbose config   code: 'EISDIR',
9 verbose config   syscall: 'read'
9 verbose config }
15 timing config:load:global Completed in 0ms
10 timing config:load:file:/home/harley/Área de Trabalho/todolist-v1/.npmrc Completed in 8ms
16 timing config:load:validate Completed in 0ms
11 timing config:load:project Completed in 9ms
17 timing config:load:credentials Completed in 39ms
12 timing config:load:file:/home/harley/.npmrc Completed in 50ms
18 timing config:load:setEnvs Completed in 8ms
19 timing config:load Completed in 126ms
13 timing config:load:user Completed in 52ms
20 timing npm:load:configload Completed in 127ms
21 timing npm:load:mkdirpcache Completed in 9ms
22 timing npm:load:mkdirplogs Completed in 98ms
14 timing config:load:file:/usr/etc/npmrc Completed in 0ms
23 verbose title npm view express description dist-tags.latest homepage version
15 timing config:load:global Completed in 0ms
24 verbose argv "view" "--json" "express" "description" "dist-tags.latest" "homepage" "version"
16 timing config:load:validate Completed in 1ms
25 timing npm:load:setTitle Completed in 16ms
17 timing config:load:credentials Completed in 39ms
26 timing config:load:flatten Completed in 13ms
18 timing config:load:setEnvs Completed in 10ms
27 timing npm:load:display Completed in 17ms
19 timing config:load Completed in 130ms
28 verbose logfile logs-max:10 dir:/home/harley/Área de Trabalho/todolist-v1/.npmrc/_logs
20 timing npm:load:configload Completed in 132ms
21 timing npm:load:mkdirpcache Completed in 10ms
22 timing npm:load:mkdirplogs Completed in 93ms
23 verbose title npm view mongoose description dist-tags.latest homepage version
24 verbose argv "view" "--json" "mongoose" "description" "dist-tags.latest" "homepage" "version"
25 timing npm:load:setTitle Completed in 17ms
26 timing config:load:flatten Completed in 13ms
27 timing npm:load:display Completed in 17ms
28 verbose logfile logs-max:10 dir:/home/harley/Área de Trabalho/todolist-v1/.npmrc/_logs
29 verbose logfile /home/harley/Área de Trabalho/todolist-v1/.npmrc/_logs/2022-10-16T14_32_22_752Z-debug-0.log
29 verbose logfile /home/harley/Área de Trabalho/todolist-v1/.npmrc/_logs/2022-10-16T14_32_22_752Z-debug-0.log
30 timing npm:load:logFile Completed in 18ms
30 timing npm:load:logFile Completed in 17ms
31 timing npm:load:timers Completed in 0ms
31 timing npm:load:timers Completed in 0ms
32 timing npm:load:configScope Completed in 0ms
32 timing npm:load:configScope Completed in 0ms
33 timing npm:load Completed in 286ms
33 timing npm:load Completed in 286ms
34 silly logfile start cleaning logs, removing 1 files
34 silly logfile start cleaning logs, removing 1 files
35 silly logfile done cleaning log files
35 silly logfile done cleaning log files
36 http fetch GET 200 https://registry.npmjs.org/express 730ms (cache revalidated)
37 timing command:view Completed in 820ms
38 verbose exit 0
39 timing npm Completed in 1209ms
40 info ok
36 http fetch GET 200 https://registry.npmjs.org/mongoose 1716ms (cache revalidated)
37 timing command:view Completed in 1845ms
38 verbose exit 0
39 timing npm Completed in 2235ms
40 info ok
