0 verbose cli /usr/bin/node /usr/bin/npm
1 info using npm@8.19.1
2 info using node@v14.20.0
3 timing npm:load:whichnode Completed in 1ms
4 timing config:load:defaults Completed in 1ms
5 timing config:load:file:/usr/lib/node_modules/npm/npmrc Completed in 2ms
6 timing config:load:builtin Completed in 2ms
7 timing config:load:cli Completed in 2ms
8 timing config:load:env Completed in 0ms
9 verbose config error loading project config [Error: EISDIR: illegal operation on a directory, read] {
9 verbose config   errno: -21,
9 verbose config   code: 'EISDIR',
9 verbose config   syscall: 'read'
9 verbose config }
10 timing config:load:file:/home/harley/Área de Trabalho/todolist-v1/.npmrc Completed in 2ms
11 timing config:load:project Completed in 4ms
12 timing config:load:file:/home/harley/.npmrc Completed in 34ms
13 timing config:load:user Completed in 35ms
14 timing config:load:file:/usr/etc/npmrc Completed in 0ms
15 timing config:load:global Completed in 0ms
16 timing config:load:validate Completed in 2ms
17 timing config:load:credentials Completed in 2ms
18 timing config:load:setEnvs Completed in 3ms
19 timing config:load Completed in 53ms
20 timing npm:load:configload Completed in 53ms
21 timing npm:load:mkdirpcache Completed in 3ms
22 timing npm:load:mkdirplogs Completed in 19ms
23 verbose title npm i lodash
24 verbose argv "i" "lodash"
25 timing npm:load:setTitle Completed in 28ms
26 timing config:load:flatten Completed in 16ms
27 timing npm:load:display Completed in 23ms
28 verbose logfile logs-max:10 dir:/home/harley/Área de Trabalho/todolist-v1/.npmrc/_logs
29 verbose logfile /home/harley/Área de Trabalho/todolist-v1/.npmrc/_logs/2022-10-14T13_35_27_202Z-debug-0.log
30 timing npm:load:logFile Completed in 14ms
31 timing npm:load:timers Completed in 0ms
32 timing npm:load:configScope Completed in 0ms
33 timing npm:load Completed in 142ms
34 timing arborist:ctor Completed in 1ms
35 silly logfile start cleaning logs, removing 1 files
36 silly logfile done cleaning log files
37 timing idealTree:init Completed in 207ms
38 timing idealTree:userRequests Completed in 2ms
39 silly idealTree buildDeps
40 silly fetch manifest lodash@*
41 timing arborist:ctor Completed in 0ms
42 http fetch GET 200 https://registry.npmjs.org/lodash 768ms (cache miss)
43 silly placeDep ROOT lodash@4.17.21 OK for: todolist-v1@1.0.0 want: *
44 timing idealTree:#root Completed in 791ms
45 timing idealTree:node_modules/lodash Completed in 0ms
46 timing idealTree:buildDeps Completed in 793ms
47 timing idealTree:fixDepFlags Completed in 3ms
48 timing idealTree Completed in 1010ms
49 timing reify:loadTrees Completed in 1011ms
50 timing reify:diffTrees Completed in 41ms
51 silly reify mark retired [ '/home/harley/Área de Trabalho/todolist-v1/node_modules/mogoose' ]
52 silly reify moves {
52 silly reify   '/home/harley/Área de Trabalho/todolist-v1/node_modules/mogoose': '/home/harley/Área de Trabalho/todolist-v1/node_modules/.mogoose-dNOS4omr'
52 silly reify }
53 timing reify:retireShallow Completed in 9ms
54 timing reify:createSparse Completed in 1ms
55 timing reify:loadBundles Completed in 0ms
56 silly audit bulk request {
56 silly audit   '@types/node': [ '18.8.5' ],
56 silly audit   '@types/webidl-conversions': [ '7.0.0' ],
56 silly audit   '@types/whatwg-url': [ '8.2.2' ],
56 silly audit   accepts: [ '1.3.8' ],
56 silly audit   'ansi-styles': [ '4.3.0' ],
56 silly audit   'array-flatten': [ '1.1.1' ],
56 silly audit   async: [ '3.2.4' ],
56 silly audit   'balanced-match': [ '1.0.2' ],
56 silly audit   'base64-js': [ '1.5.1' ],
56 silly audit   'body-parser': [ '1.20.1', '1.20.0' ],
56 silly audit   'brace-expansion': [ '1.1.11', '2.0.1' ],
56 silly audit   bson: [ '4.7.0' ],
56 silly audit   buffer: [ '5.7.1' ],
56 silly audit   bytes: [ '3.1.2' ],
56 silly audit   'call-bind': [ '1.0.2' ],
56 silly audit   chalk: [ '4.1.2' ],
56 silly audit   'color-convert': [ '2.0.1' ],
56 silly audit   'color-name': [ '1.1.4' ],
56 silly audit   'concat-map': [ '0.0.1' ],
56 silly audit   'content-disposition': [ '0.5.4' ],
56 silly audit   'content-type': [ '1.0.4' ],
56 silly audit   cookie: [ '0.5.0' ],
56 silly audit   'cookie-signature': [ '1.0.6' ],
56 silly audit   debug: [ '2.6.9', '4.3.4' ],
56 silly audit   denque: [ '2.1.0' ],
56 silly audit   depd: [ '2.0.0' ],
56 silly audit   destroy: [ '1.2.0' ],
56 silly audit   'ee-first': [ '1.1.1' ],
56 silly audit   ejs: [ '3.1.8' ],
56 silly audit   encodeurl: [ '1.0.2' ],
56 silly audit   'escape-html': [ '1.0.3' ],
56 silly audit   etag: [ '1.8.1' ],
56 silly audit   express: [ '4.18.1' ],
56 silly audit   qs: [ '6.10.3', '6.11.0' ],
56 silly audit   filelist: [ '1.0.4' ],
56 silly audit   minimatch: [ '5.1.0', '3.1.2' ],
56 silly audit   finalhandler: [ '1.2.0' ],
56 silly audit   forwarded: [ '0.2.0' ],
56 silly audit   fresh: [ '0.5.2' ],
56 silly audit   'function-bind': [ '1.1.1' ],
56 silly audit   'get-intrinsic': [ '1.1.3' ],
56 silly audit   has: [ '1.0.3' ],
56 silly audit   'has-flag': [ '4.0.0' ],
56 silly audit   'has-symbols': [ '1.0.3' ],
56 silly audit   'http-errors': [ '2.0.0' ],
56 silly audit   'iconv-lite': [ '0.4.24' ],
56 silly audit   ieee754: [ '1.2.1' ],
56 silly audit   inherits: [ '2.0.4' ],
56 silly audit   ip: [ '2.0.0' ],
56 silly audit   'ipaddr.js': [ '1.9.1' ],
56 silly audit   jake: [ '10.8.5' ],
56 silly audit   kareem: [ '2.4.1' ],
56 silly audit   'media-typer': [ '0.3.0' ],
56 silly audit   'memory-pager': [ '1.5.0' ],
56 silly audit   'merge-descriptors': [ '1.0.1' ],
56 silly audit   methods: [ '1.1.2' ],
56 silly audit   mime: [ '1.6.0' ],
56 silly audit   'mime-db': [ '1.52.0' ],
56 silly audit   'mime-types': [ '2.1.35' ],
56 silly audit   mongodb: [ '4.9.1' ],
56 silly audit   'mongodb-connection-string-url': [ '2.5.4' ],
56 silly audit   mongoose: [ '6.6.5' ],
56 silly audit   ms: [ '2.1.3', '2.1.2', '2.0.0' ],
56 silly audit   mpath: [ '0.9.0' ],
56 silly audit   mquery: [ '4.0.3' ],
56 silly audit   negotiator: [ '0.6.3' ],
56 silly audit   'object-inspect': [ '1.12.2' ],
56 silly audit   'on-finished': [ '2.4.1' ],
56 silly audit   parseurl: [ '1.3.3' ],
56 silly audit   'path-to-regexp': [ '0.1.7' ],
56 silly audit   'proxy-addr': [ '2.0.7' ],
56 silly audit   punycode: [ '2.1.1' ],
56 silly audit   'range-parser': [ '1.2.1' ],
56 silly audit   'raw-body': [ '2.5.1' ],
56 silly audit   'safe-buffer': [ '5.2.1' ],
56 silly audit   'safer-buffer': [ '2.1.2' ],
56 silly audit   saslprep: [ '1.0.3' ],
56 silly audit   send: [ '0.18.0' ],
56 silly audit   'serve-static': [ '1.15.0' ],
56 silly audit   setprototypeof: [ '1.2.0' ],
56 silly audit   'side-channel': [ '1.0.4' ],
56 silly audit   sift: [ '16.0.0' ],
56 silly audit   'smart-buffer': [ '4.2.0' ],
56 silly audit   socks: [ '2.7.1' ],
56 silly audit   'sparse-bitfield': [ '3.0.3' ],
56 silly audit   statuses: [ '2.0.1' ],
56 silly audit   'supports-color': [ '7.2.0' ],
56 silly audit   toidentifier: [ '1.0.1' ],
56 silly audit   tr46: [ '3.0.0' ],
56 silly audit   'type-is': [ '1.6.18' ],
56 silly audit   unpipe: [ '1.0.0' ],
56 silly audit   'utils-merge': [ '1.0.1' ],
56 silly audit   vary: [ '1.1.2' ],
56 silly audit   'webidl-conversions': [ '7.0.0' ],
56 silly audit   'whatwg-url': [ '11.0.0' ],
56 silly audit   lodash: [ '4.17.21' ]
56 silly audit }
57 silly tarball no local data for lodash@https://registry.npmjs.org/lodash/-/lodash-4.17.21.tgz. Extracting by manifest.
58 http fetch POST 200 https://registry.npmjs.org/-/npm/v1/security/advisories/bulk 422ms
59 timing auditReport:getReport Completed in 428ms
60 silly audit report {}
61 timing auditReport:init Completed in 0ms
62 timing reify:audit Completed in 430ms
63 http fetch GET 200 https://registry.npmjs.org/lodash/-/lodash-4.17.21.tgz 767ms (cache miss)
64 timing reifyNode:node_modules/lodash Completed in 801ms
65 timing reify:unpack Completed in 802ms
66 timing reify:unretire Completed in 1ms
67 timing build:queue Completed in 1ms
68 timing build:deps Completed in 1ms
69 timing build Completed in 1ms
70 timing reify:build Completed in 1ms
71 timing reify:trash Completed in 2ms
72 timing reify:save Completed in 57ms
73 timing reify Completed in 2152ms
74 silly ADD node_modules/lodash
75 silly REMOVE node_modules/mogoose
76 timing command:i Completed in 2163ms
77 verbose exit 0
78 timing npm Completed in 2680ms
79 info ok
