0 verbose cli /usr/bin/node /usr/bin/npm
1 info using npm@8.19.1
2 info using node@v14.20.0
3 timing npm:load:whichnode Completed in 0ms
4 timing config:load:defaults Completed in 2ms
5 timing config:load:file:/usr/lib/node_modules/npm/npmrc Completed in 2ms
6 timing config:load:builtin Completed in 2ms
7 timing config:load:cli Completed in 4ms
8 timing config:load:env Completed in 0ms
9 verbose config error loading project config [Error: EISDIR: illegal operation on a directory, read] {
9 verbose config   errno: -21,
9 verbose config   code: 'EISDIR',
9 verbose config   syscall: 'read'
9 verbose config }
10 timing config:load:file:/home/harley/Área de Trabalho/todolist-v1/.npmrc Completed in 3ms
11 timing config:load:project Completed in 5ms
12 timing config:load:file:/home/harley/.npmrc Completed in 0ms
13 timing config:load:user Completed in 0ms
14 timing config:load:file:/usr/etc/npmrc Completed in 0ms
15 timing config:load:global Completed in 1ms
16 timing config:load:validate Completed in 0ms
17 timing config:load:credentials Completed in 1ms
18 timing config:load:setEnvs Completed in 1ms
19 timing config:load Completed in 16ms
20 timing npm:load:configload Completed in 16ms
21 timing npm:load:mkdirpcache Completed in 1ms
22 timing npm:load:mkdirplogs Completed in 0ms
23 verbose title npm i mogoose
24 verbose argv "i" "mogoose"
25 timing npm:load:setTitle Completed in 2ms
26 timing config:load:flatten Completed in 6ms
27 timing npm:load:display Completed in 8ms
28 verbose logfile logs-max:10 dir:/home/harley/Área de Trabalho/todolist-v1/.npmrc/_logs
29 verbose logfile /home/harley/Área de Trabalho/todolist-v1/.npmrc/_logs/2022-10-13T21_20_28_198Z-debug-0.log
30 timing npm:load:logFile Completed in 5ms
31 timing npm:load:timers Completed in 0ms
32 timing npm:load:configScope Completed in 0ms
33 timing npm:load Completed in 34ms
34 timing arborist:ctor Completed in 1ms
35 silly logfile done cleaning log files
36 timing idealTree:init Completed in 218ms
37 timing idealTree:userRequests Completed in 1ms
38 silly idealTree buildDeps
39 silly fetch manifest mogoose@*
40 timing arborist:ctor Completed in 0ms
41 http fetch GET 200 https://registry.npmjs.org/mogoose 1282ms (cache miss)
42 silly placeDep ROOT mogoose@0.0.1-security OK for: todolist-v1@1.0.0 want: *
43 timing idealTree:#root Completed in 1298ms
44 timing idealTree:node_modules/mogoose Completed in 0ms
45 timing idealTree:buildDeps Completed in 1300ms
46 timing idealTree:fixDepFlags Completed in 2ms
47 timing idealTree Completed in 1527ms
48 timing reify:loadTrees Completed in 1529ms
49 timing reify:diffTrees Completed in 92ms
50 silly reify moves {}
51 timing reify:retireShallow Completed in 1ms
52 timing reify:createSparse Completed in 10ms
53 timing reify:loadBundles Completed in 0ms
54 silly audit bulk request {
54 silly audit   accepts: [ '1.3.8' ],
54 silly audit   'ansi-styles': [ '4.3.0' ],
54 silly audit   'array-flatten': [ '1.1.1' ],
54 silly audit   async: [ '3.2.4' ],
54 silly audit   'balanced-match': [ '1.0.2' ],
54 silly audit   'body-parser': [ '1.20.1', '1.20.0' ],
54 silly audit   'brace-expansion': [ '1.1.11', '2.0.1' ],
54 silly audit   bytes: [ '3.1.2' ],
54 silly audit   'call-bind': [ '1.0.2' ],
54 silly audit   chalk: [ '4.1.2' ],
54 silly audit   'color-convert': [ '2.0.1' ],
54 silly audit   'color-name': [ '1.1.4' ],
54 silly audit   'concat-map': [ '0.0.1' ],
54 silly audit   'content-disposition': [ '0.5.4' ],
54 silly audit   'content-type': [ '1.0.4' ],
54 silly audit   cookie: [ '0.5.0' ],
54 silly audit   'cookie-signature': [ '1.0.6' ],
54 silly audit   debug: [ '2.6.9' ],
54 silly audit   depd: [ '2.0.0' ],
54 silly audit   destroy: [ '1.2.0' ],
54 silly audit   'ee-first': [ '1.1.1' ],
54 silly audit   ejs: [ '3.1.8' ],
54 silly audit   encodeurl: [ '1.0.2' ],
54 silly audit   'escape-html': [ '1.0.3' ],
54 silly audit   etag: [ '1.8.1' ],
54 silly audit   express: [ '4.18.1' ],
54 silly audit   qs: [ '6.10.3', '6.11.0' ],
54 silly audit   filelist: [ '1.0.4' ],
54 silly audit   minimatch: [ '5.1.0', '3.1.2' ],
54 silly audit   finalhandler: [ '1.2.0' ],
54 silly audit   forwarded: [ '0.2.0' ],
54 silly audit   fresh: [ '0.5.2' ],
54 silly audit   'function-bind': [ '1.1.1' ],
54 silly audit   'get-intrinsic': [ '1.1.3' ],
54 silly audit   has: [ '1.0.3' ],
54 silly audit   'has-flag': [ '4.0.0' ],
54 silly audit   'has-symbols': [ '1.0.3' ],
54 silly audit   'http-errors': [ '2.0.0' ],
54 silly audit   'iconv-lite': [ '0.4.24' ],
54 silly audit   inherits: [ '2.0.4' ],
54 silly audit   'ipaddr.js': [ '1.9.1' ],
54 silly audit   jake: [ '10.8.5' ],
54 silly audit   'media-typer': [ '0.3.0' ],
54 silly audit   'merge-descriptors': [ '1.0.1' ],
54 silly audit   methods: [ '1.1.2' ],
54 silly audit   mime: [ '1.6.0' ],
54 silly audit   'mime-db': [ '1.52.0' ],
54 silly audit   'mime-types': [ '2.1.35' ],
54 silly audit   ms: [ '2.0.0', '2.1.3' ],
54 silly audit   negotiator: [ '0.6.3' ],
54 silly audit   'object-inspect': [ '1.12.2' ],
54 silly audit   'on-finished': [ '2.4.1' ],
54 silly audit   parseurl: [ '1.3.3' ],
54 silly audit   'path-to-regexp': [ '0.1.7' ],
54 silly audit   'proxy-addr': [ '2.0.7' ],
54 silly audit   'range-parser': [ '1.2.1' ],
54 silly audit   'raw-body': [ '2.5.1' ],
54 silly audit   'safe-buffer': [ '5.2.1' ],
54 silly audit   'safer-buffer': [ '2.1.2' ],
54 silly audit   send: [ '0.18.0' ],
54 silly audit   'serve-static': [ '1.15.0' ],
54 silly audit   setprototypeof: [ '1.2.0' ],
54 silly audit   'side-channel': [ '1.0.4' ],
54 silly audit   statuses: [ '2.0.1' ],
54 silly audit   'supports-color': [ '7.2.0' ],
54 silly audit   toidentifier: [ '1.0.1' ],
54 silly audit   'type-is': [ '1.6.18' ],
54 silly audit   unpipe: [ '1.0.0' ],
54 silly audit   'utils-merge': [ '1.0.1' ],
54 silly audit   vary: [ '1.1.2' ],
54 silly audit   mogoose: [ '0.0.1-security' ]
54 silly audit }
55 silly tarball no local data for mogoose@https://registry.npmjs.org/mogoose/-/mogoose-0.0.1-security.tgz. Extracting by manifest.
56 http fetch GET 200 https://registry.npmjs.org/mogoose/-/mogoose-0.0.1-security.tgz 147ms (cache miss)
57 timing reifyNode:node_modules/mogoose Completed in 191ms
58 timing reify:unpack Completed in 194ms
59 timing reify:unretire Completed in 1ms
60 timing build:queue Completed in 2ms
61 timing build:deps Completed in 3ms
62 timing build Completed in 5ms
63 timing reify:build Completed in 6ms
64 timing reify:trash Completed in 0ms
65 http fetch POST 200 https://registry.npmjs.org/-/npm/v1/security/advisories/bulk 325ms
66 timing auditReport:getReport Completed in 345ms
67 silly audit report {}
68 timing auditReport:init Completed in 0ms
69 timing reify:audit Completed in 349ms
70 timing reify:save Completed in 101ms
71 timing reify Completed in 2059ms
72 silly ADD node_modules/mogoose
73 timing command:i Completed in 2070ms
74 verbose exit 0
75 timing npm Completed in 2225ms
76 info ok
